0 info it worked if it ends with ok
1 verbose cli [ '/Users/hongru/Work/Nodejs/nvm/v0.12.4/bin/node',
1 verbose cli   '/Users/hongru/Work/Nodejs/nvm/v0.12.4/bin/npm',
1 verbose cli   'version',
1 verbose cli   'patch' ]
2 info using npm@2.10.1
3 info using node@v0.12.4
4 info git [ 'status', '--porcelain' ]
5 verbose stack Error: Git working directory not clean.
5 verbose stack M test/test1.html
5 verbose stack     at /Users/hongru/Work/Nodejs/nvm/v0.12.4/lib/node_modules/npm/lib/version.js:138:37
5 verbose stack     at ChildProcess.exithandler (child_process.js:742:7)
5 verbose stack     at ChildProcess.emit (events.js:110:17)
5 verbose stack     at maybeClose (child_process.js:1015:16)
5 verbose stack     at Socket.<anonymous> (child_process.js:1183:11)
5 verbose stack     at Socket.emit (events.js:107:17)
5 verbose stack     at Pipe.close (net.js:485:12)
6 verbose cwd /Users/hongru/Work/gitlab/One-Request/horn
7 error Darwin 14.3.0
8 error argv "/Users/hongru/Work/Nodejs/nvm/v0.12.4/bin/node" "/Users/hongru/Work/Nodejs/nvm/v0.12.4/bin/npm" "version" "patch"
9 error node v0.12.4
10 error npm  v2.10.1
11 error Git working directory not clean.
11 error M test/test1.html
12 error If you need help, you may report this error at:
12 error     <https://github.com/npm/npm/issues>
13 verbose exit [ 1, true ]
